# JRE version: Java(TM) SE Runtime Environment (17.0.1+12) (build 17.0.1+12-LTS-39)
# Java VM: Java HotSpot(TM) 64-Bit Server VM (17.0.1+12-LTS-39, mixed mode, sharing, tiered, compressed oops, compressed class ptrs, g1 gc, bsd-amd64)
GC Precious Log:
 CPUs: 16 total, 16 available
 Memory: 32768M
 Large Page Support: Disabled
 NUMA Support: Disabled
 Compressed Oops: Enabled (Zero based)
 Heap Region Size: 4M
 Heap Min Capacity: 8M
 Heap Initial Capacity: 512M
 Heap Max Capacity: 8G
 Pre-touch: Disabled
 Parallel Workers: 13
 Concurrent Workers: 3
 Concurrent Refinement Workers: 13
 Periodic GC: Disabled
Heap:
 garbage-first heap   total 262144K, used 70563K [0x0000000600000000, 0x0000000800000000)
  region size 4096K, 6 young (24576K), 3 survivors (12288K)
 Metaspace       used 21350K, committed 21632K, reserved 1073152K
  class space    used 2318K, committed 2432K, reserved 1048576K
GC Heap History (6 events):
Event: 0.545 GC heap before
{Heap before GC invocations=0 (full 0):
 garbage-first heap   total 532480K, used 28628K [0x0000000600000000, 0x0000000800000000)
  region size 4096K, 6 young (24576K), 0 survivors (0K)
 Metaspace       used 7456K, committed 7680K, reserved 1056768K
  class space    used 735K, committed 832K, reserved 1048576K
}
Event: 0.549 GC heap after
{Heap after GC invocations=1 (full 0):
 garbage-first heap   total 532480K, used 7112K [0x0000000600000000, 0x0000000800000000)
  region size 4096K, 1 young (4096K), 1 survivors (4096K)
 Metaspace       used 7456K, committed 7680K, reserved 1056768K
  class space    used 735K, committed 832K, reserved 1048576K
}
Event: 6.240 GC heap before
{Heap before GC invocations=1 (full 0):
 garbage-first heap   total 532480K, used 109512K [0x0000000600000000, 0x0000000800000000)
  region size 4096K, 9 young (36864K), 1 survivors (4096K)
 Metaspace       used 18916K, committed 19136K, reserved 1073152K
  class space    used 2081K, committed 2176K, reserved 1048576K
}
Event: 6.243 GC heap after
{Heap after GC invocations=2 (full 0):
 garbage-first heap   total 532480K, used 83297K [0x0000000600000000, 0x0000000800000000)
  region size 4096K, 2 young (8192K), 2 survivors (8192K)
 Metaspace       used 18916K, committed 19136K, reserved 1073152K
  class space    used 2081K, committed 2176K, reserved 1048576K
}
Event: 35.705 GC heap before
{Heap before GC invocations=2 (full 0):
 garbage-first heap   total 532480K, used 148833K [0x0000000600000000, 0x0000000800000000)
  region size 4096K, 7 young (28672K), 2 survivors (8192K)
 Metaspace       used 21277K, committed 21504K, reserved 1073152K
  class space    used 2316K, committed 2432K, reserved 1048576K
}
Event: 35.708 GC heap after
{Heap after GC invocations=3 (full 0):
 garbage-first heap   total 532480K, used 62371K [0x0000000600000000, 0x0000000800000000)
  region size 4096K, 3 young (12288K), 3 survivors (12288K)
 Metaspace       used 21277K, committed 21504K, reserved 1073152K
  class space    used 2316K, committed 2432K, reserved 1048576K
}

